e:\bai tap\ky thuat lap trinh\preodic\code_area\x64\debug\vc143.pdb
e:\bai tap\ky thuat lap trinh\preodic\code_area\x64\debug\te.obj
e:\bai tap\ky thuat lap trinh\preodic\code_area\x64\debug\myform.obj
e:\bai tap\ky thuat lap trinh\preodic\code_area\x64\debug\cf.obj
e:\bai tap\ky thuat lap trinh\preodic\code_area\x64\debug\ce.obj
e:\bai tap\ky thuat lap trinh\preodic\code_area\x64\debug\cd.obj
e:\bai tap\ky thuat lap trinh\preodic\code_area\x64\debug\ca.obj
e:\bai tap\ky thuat lap trinh\preodic\code_area\x64\debug\c.obj
e:\bai tap\ky thuat lap trinh\preodic\code_area\x64\debug\br.obj
e:\bai tap\ky thuat lap trinh\preodic\code_area\x64\debug\bk.obj
e:\bai tap\ky thuat lap trinh\preodic\code_area\x64\debug\bi.obj
e:\bai tap\ky thuat lap trinh\preodic\code_area\x64\debug\bh.obj
e:\bai tap\ky thuat lap trinh\preodic\code_area\x64\debug\be.obj
e:\bai tap\ky thuat lap trinh\preodic\code_area\x64\debug\ba.obj
e:\bai tap\ky thuat lap trinh\preodic\code_area\x64\debug\b.obj
e:\bai tap\ky thuat lap trinh\preodic\code_area\x64\debug\au.obj
e:\bai tap\ky thuat lap trinh\preodic\code_area\x64\debug\at.obj
e:\bai tap\ky thuat lap trinh\preodic\code_area\x64\debug\as.obj
e:\bai tap\ky thuat lap trinh\preodic\code_area\x64\debug\ar.obj
e:\bai tap\ky thuat lap trinh\preodic\code_area\x64\debug\am.obj
e:\bai tap\ky thuat lap trinh\preodic\code_area\x64\debug\al.obj
e:\bai tap\ky thuat lap trinh\preodic\code_area\x64\debug\ag.obj
e:\bai tap\ky thuat lap trinh\preodic\code_area\x64\debug\ac.obj
e:\bai tap\ky thuat lap trinh\preodic\code_area\x64\debug\gd.obj
e:\bai tap\ky thuat lap trinh\preodic\code_area\x64\debug\ga.obj
e:\bai tap\ky thuat lap trinh\preodic\code_area\x64\debug\fr.obj
e:\bai tap\ky thuat lap trinh\preodic\code_area\x64\debug\fm.obj
e:\bai tap\ky thuat lap trinh\preodic\code_area\x64\debug\fl.obj
e:\bai tap\ky thuat lap trinh\preodic\code_area\x64\debug\fe.obj
e:\bai tap\ky thuat lap trinh\preodic\code_area\x64\debug\f.obj
e:\bai tap\ky thuat lap trinh\preodic\code_area\x64\debug\eu.obj
e:\bai tap\ky thuat lap trinh\preodic\code_area\x64\debug\es.obj
e:\bai tap\ky thuat lap trinh\preodic\code_area\x64\debug\er.obj
e:\bai tap\ky thuat lap trinh\preodic\code_area\x64\debug\dy.obj
e:\bai tap\ky thuat lap trinh\preodic\code_area\x64\debug\ds.obj
e:\bai tap\ky thuat lap trinh\preodic\code_area\x64\debug\db.obj
e:\bai tap\ky thuat lap trinh\preodic\code_area\x64\debug\cu.obj
e:\bai tap\ky thuat lap trinh\preodic\code_area\x64\debug\cs.obj
e:\bai tap\ky thuat lap trinh\preodic\code_area\x64\debug\cr.obj
e:\bai tap\ky thuat lap trinh\preodic\code_area\x64\debug\co.obj
e:\bai tap\ky thuat lap trinh\preodic\code_area\x64\debug\cn.obj
e:\bai tap\ky thuat lap trinh\preodic\code_area\x64\debug\cm.obj
e:\bai tap\ky thuat lap trinh\preodic\code_area\x64\debug\cl.obj
e:\bai tap\ky thuat lap trinh\preodic\code_area\x64\debug\mn.obj
e:\bai tap\ky thuat lap trinh\preodic\code_area\x64\debug\md.obj
e:\bai tap\ky thuat lap trinh\preodic\code_area\x64\debug\mc.obj
e:\bai tap\ky thuat lap trinh\preodic\code_area\x64\debug\lv.obj
e:\bai tap\ky thuat lap trinh\preodic\code_area\x64\debug\lu.obj
e:\bai tap\ky thuat lap trinh\preodic\code_area\x64\debug\lr.obj
e:\bai tap\ky thuat lap trinh\preodic\code_area\x64\debug\liti.obj
e:\bai tap\ky thuat lap trinh\preodic\code_area\x64\debug\la.obj
e:\bai tap\ky thuat lap trinh\preodic\code_area\x64\debug\kr.obj
e:\bai tap\ky thuat lap trinh\preodic\code_area\x64\debug\kali.obj
e:\bai tap\ky thuat lap trinh\preodic\code_area\x64\debug\ir.obj
e:\bai tap\ky thuat lap trinh\preodic\code_area\x64\debug\in.obj
e:\bai tap\ky thuat lap trinh\preodic\code_area\x64\debug\i.obj
e:\bai tap\ky thuat lap trinh\preodic\code_area\x64\debug\hs.obj
e:\bai tap\ky thuat lap trinh\preodic\code_area\x64\debug\ho.obj
e:\bai tap\ky thuat lap trinh\preodic\code_area\x64\debug\hg.obj
e:\bai tap\ky thuat lap trinh\preodic\code_area\x64\debug\hf.obj
e:\bai tap\ky thuat lap trinh\preodic\code_area\x64\debug\h.obj
e:\bai tap\ky thuat lap trinh\preodic\code_area\x64\debug\he.obj
e:\bai tap\ky thuat lap trinh\preodic\code_area\x64\debug\ge.obj
e:\bai tap\ky thuat lap trinh\preodic\code_area\x64\debug\pd.obj
e:\bai tap\ky thuat lap trinh\preodic\code_area\x64\debug\pb.obj
e:\bai tap\ky thuat lap trinh\preodic\code_area\x64\debug\pa.obj
e:\bai tap\ky thuat lap trinh\preodic\code_area\x64\debug\p.obj
e:\bai tap\ky thuat lap trinh\preodic\code_area\x64\debug\os.obj
e:\bai tap\ky thuat lap trinh\preodic\code_area\x64\debug\og.obj
e:\bai tap\ky thuat lap trinh\preodic\code_area\x64\debug\o.obj
e:\bai tap\ky thuat lap trinh\preodic\code_area\x64\debug\np.obj
e:\bai tap\ky thuat lap trinh\preodic\code_area\x64\debug\no.obj
e:\bai tap\ky thuat lap trinh\preodic\code_area\x64\debug\ni.obj
e:\bai tap\ky thuat lap trinh\preodic\code_area\x64\debug\nh.obj
e:\bai tap\ky thuat lap trinh\preodic\code_area\x64\debug\ne.obj
e:\bai tap\ky thuat lap trinh\preodic\code_area\x64\debug\nd.obj
e:\bai tap\ky thuat lap trinh\preodic\code_area\x64\debug\nb.obj
e:\bai tap\ky thuat lap trinh\preodic\code_area\x64\debug\mg.obj
e:\bai tap\ky thuat lap trinh\preodic\code_area\x64\debug\natri.obj
e:\bai tap\ky thuat lap trinh\preodic\code_area\x64\debug\n.obj
e:\bai tap\ky thuat lap trinh\preodic\code_area\x64\debug\mt.obj
e:\bai tap\ky thuat lap trinh\preodic\code_area\x64\debug\mo.obj
e:\bai tap\ky thuat lap trinh\preodic\code_area\x64\debug\sm.obj
e:\bai tap\ky thuat lap trinh\preodic\code_area\x64\debug\si.obj
e:\bai tap\ky thuat lap trinh\preodic\code_area\x64\debug\sg.obj
e:\bai tap\ky thuat lap trinh\preodic\code_area\x64\debug\se.obj
e:\bai tap\ky thuat lap trinh\preodic\code_area\x64\debug\sc.obj
e:\bai tap\ky thuat lap trinh\preodic\code_area\x64\debug\sb.obj
e:\bai tap\ky thuat lap trinh\preodic\code_area\x64\debug\s.obj
e:\bai tap\ky thuat lap trinh\preodic\code_area\x64\debug\ru.obj
e:\bai tap\ky thuat lap trinh\preodic\code_area\x64\debug\rn.obj
e:\bai tap\ky thuat lap trinh\preodic\code_area\x64\debug\rh.obj
e:\bai tap\ky thuat lap trinh\preodic\code_area\x64\debug\rg.obj
e:\bai tap\ky thuat lap trinh\preodic\code_area\x64\debug\rf.obj
e:\bai tap\ky thuat lap trinh\preodic\code_area\x64\debug\re.obj
e:\bai tap\ky thuat lap trinh\preodic\code_area\x64\debug\rb.obj
e:\bai tap\ky thuat lap trinh\preodic\code_area\x64\debug\ra.obj
e:\bai tap\ky thuat lap trinh\preodic\code_area\x64\debug\pu.obj
e:\bai tap\ky thuat lap trinh\preodic\code_area\x64\debug\pt.obj
e:\bai tap\ky thuat lap trinh\preodic\code_area\x64\debug\pr.obj
e:\bai tap\ky thuat lap trinh\preodic\code_area\x64\debug\po.obj
e:\bai tap\ky thuat lap trinh\preodic\code_area\x64\debug\pm.obj
e:\bai tap\ky thuat lap trinh\preodic\code_area\x64\debug\.netframework,version=v4.8.assemblyattributes.obj
e:\bai tap\ky thuat lap trinh\preodic\code_area\x64\debug\zr.obj
e:\bai tap\ky thuat lap trinh\preodic\code_area\x64\debug\zn.obj
e:\bai tap\ky thuat lap trinh\preodic\code_area\x64\debug\yb.obj
e:\bai tap\ky thuat lap trinh\preodic\code_area\x64\debug\y.obj
e:\bai tap\ky thuat lap trinh\preodic\code_area\x64\debug\xe.obj
e:\bai tap\ky thuat lap trinh\preodic\code_area\x64\debug\w.obj
e:\bai tap\ky thuat lap trinh\preodic\code_area\x64\debug\v.obj
e:\bai tap\ky thuat lap trinh\preodic\code_area\x64\debug\u.obj
e:\bai tap\ky thuat lap trinh\preodic\code_area\x64\debug\ts.obj
e:\bai tap\ky thuat lap trinh\preodic\code_area\x64\debug\tm.obj
e:\bai tap\ky thuat lap trinh\preodic\code_area\x64\debug\tl.obj
e:\bai tap\ky thuat lap trinh\preodic\code_area\x64\debug\ti.obj
e:\bai tap\ky thuat lap trinh\preodic\code_area\x64\debug\th.obj
e:\bai tap\ky thuat lap trinh\preodic\code_area\x64\debug\tc.obj
e:\bai tap\ky thuat lap trinh\preodic\code_area\x64\debug\tb.obj
e:\bai tap\ky thuat lap trinh\preodic\code_area\x64\debug\ta.obj
e:\bai tap\ky thuat lap trinh\preodic\code_area\x64\debug\sr.obj
e:\bai tap\ky thuat lap trinh\preodic\code_area\x64\debug\sn.obj
e:\bai tap\ky thuat lap trinh\preodic\code_area\x64\debug\preodic.exe
e:\bai tap\ky thuat lap trinh\preodic\code_area\x64\debug\preodic.pdb
e:\bai tap\ky thuat lap trinh\preodic\code_area\x64\debug\preodic.tlog\metagen.write.1.tlog
e:\bai tap\ky thuat lap trinh\preodic\code_area\x64\debug\preodic.heli.resources
e:\bai tap\ky thuat lap trinh\preodic\code_area\x64\debug\preodic.exe.metagen
e:\bai tap\ky thuat lap trinh\preodic\code_area\x64\debug\preodic.tlog\cl.command.1.tlog
e:\bai tap\ky thuat lap trinh\preodic\code_area\x64\debug\preodic.tlog\cl.items.tlog
e:\bai tap\ky thuat lap trinh\preodic\code_area\x64\debug\preodic.tlog\cl.read.1.tlog
e:\bai tap\ky thuat lap trinh\preodic\code_area\x64\debug\preodic.tlog\cl.write.1.tlog
e:\bai tap\ky thuat lap trinh\preodic\code_area\x64\debug\preodic.tlog\link.command.1.tlog
e:\bai tap\ky thuat lap trinh\preodic\code_area\x64\debug\preodic.tlog\link.read.1.tlog
e:\bai tap\ky thuat lap trinh\preodic\code_area\x64\debug\preodic.tlog\link.write.1.tlog
e:\bai tap\ky thuat lap trinh\preodic\code_area\x64\debug\preodic.tlog\metagen.read.1.tlog
e:\bai tap\ky thuat lap trinh\preodic\code_area\x64\debug\preodic.tlog\resgen.command.1.tlog
e:\bai tap\ky thuat lap trinh\preodic\code_area\x64\debug\preodic.tlog\resgen.read.1.tlog
e:\bai tap\ky thuat lap trinh\preodic\code_area\x64\debug\preodic.tlog\resgen.write.1.tlog
e:\bai tap\ky thuat lap trinh\preodic\code_area\x64\debug\preodic.tlog\axinterop.acropdflib.1.0.dll.metagen
e:\bai tap\ky thuat lap trinh\preodic\code_area\x64\debug\preodic.tlog\interop.acropdflib.1.0.dll.metagen
